2012-03-08 16:59:43: Array
(
    [hostname] => maisonmoes
    [firstname] => martentest
    [surname] => martentest2
    [email] => marten@sytematic.nl
    [street] => a
    [city] => b
    [postcode] => 1234ab
    [number] => 12
    [numPersons] => 12
    [Workshop_id] => 1
    [datum] => 12-12-2012 00:00
    [comment_] => testbericht
    [companyName] => Sytematic
)

2012-03-08 17:01:05: Array
(
    [hostname] => maisonmoes
    [firstname] => martentest
    [surname] => martentest2
    [email] => marten@sytematic.nl
    [street] => a
    [city] => b
    [postcode] => 1234ab
    [number] => 12
    [numPersons] => 12
    [Workshop_id] => 1
    [datum] => 12-12-2012 00:00
    [comment_] => testbericht
    [companyName] => Sytematic
)

2012-03-08 17:01:05: Inserted person id: 136
2012-03-08 17:01:30: Array
(
    [hostname] => maisonmoes
    [firstname] => martentest
    [surname] => martentest2
    [email] => marten@sytematic.nl
    [street] => a
    [city] => b
    [postcode] => 1234ab
    [number] => 12
    [numPersons] => 12
    [Workshop_id] => 1
    [datum] => 12-12-2012 00:00:00
    [comment_] => testbericht
    [companyName] => Sytematic
)

2012-03-08 17:01:30: Inserted person id: 137
2012-03-08 17:01:39: Array
(
    [hostname] => maisonmoes
    [firstname] => martentest
    [surname] => martentest2
    [email] => marten@sytematic.nl
    [street] => a
    [city] => b
    [postcode] => 1234ab
    [number] => 12
    [numPersons] => 22
    [Workshop_id] => 1
    [datum] => 12-12-2012 00:00:00
    [comment_] => testbericht
    [companyName] => Sytematic
)

2012-03-08 17:01:39: Inserted person id: 138
2012-03-08 17:04:54: Array
(
    [hostname] => maisonmoes
    [firstname] => martentest
    [surname] => martentest2
    [email] => marten@sytematic.nl
    [street] => a
    [city] => b
    [postcode] => 1234ab
    [number] => 12
    [persons] => 22
    [Workshop_id] => 1
    [datum] => 12-12-2012 00:00:00
    [comment_] => testbericht
    [companyName] => Sytematic
)

2012-03-08 17:04:55: Inserted person id: 139
2012-03-08 17:10:58: Array
(
    [hostname] => maisonmoes
    [firstname] => martentest
    [surname] => martentest2
    [email] => marten@sytematic.nl
    [street] => a
    [city] => DenHaag
    [postcode] => 1234ab
    [number] => 12
    [persons] => 22
    [Workshop_id] => 1
    [datum] => 12-12-2012 00:00:00
    [comment_] => testbericht
    [companyName] => Sytematic
    [phone] => 0612345678
)

2012-03-08 17:10:58: Inserted person id: 140
2012-03-08 17:12:12: Array
(
    [hostname] => maisonmoes
    [firstname] => martentest
    [surname] => martentest2
    [email] => marten@sytematic.nl
    [street] => a
    [city] => DenHaag
    [postcode] => 1234ab
    [number] => 12
    [persons] => 22
    [Workshop_id] => 1
    [datum] => 12-12-2012 00:00:00
    [comment_] => testbericht
    [companyName] => Sytematic
    [phone] => 0612345678
    [option] => true
)

2012-03-08 17:12:12: Inserted person id: 141
2012-03-08 17:13:20: Array
(
    [hostname] => maisonmoes
    [Workshop_id] => 2
    [companyName] => MartenWebTest
    [firstname] => MartenWebTest
    [surname] => MartenWebTest
    [street] => MartenWebTest
    [number] => 123
    [postcode] => 1234ab
    [city] => MartenWebTest
    [email] => marten@sytematic.nl
    [phone] => 06123456789
    [comment_] => MartenWebTest
    [coupon] => 
    [persons] => 12
    [datum] => 31-03-2012
    [deliverOnTime] => 16:00
    [submit] => Boeking bevestigen
)

2012-03-08 17:13:20: Inserted person id: 142
2012-03-08 17:15:47: Array
(
    [hostname] => maisonmoes
    [Workshop_id] => 7
    [companyName] => 
    [firstname] => Moes
    [surname] => Moes
    [street] => Huthe
    [number] => 10
    [postcode] => 5165nc
    [city] => Waspuk
    [email] => familiemoes@home.nl
    [phone] => 00000000
    [comment_] => Mooi !!!
    [coupon] => 
    [persons] => 15
    [WorkshopDate_id] => 3
    [submit] => Boeking bevestigen
)

2012-03-08 17:15:48: Inserted person id: 143
2012-03-12 14:20:10: Array
(
    [hostname] => maisonmoes
    [Workshop_id] => 6
    [companyName] => x
    [firstname] => x
    [surname] => x
    [street] => x
    [number] => 78
    [postcode] => 5165
    [city] => waspik
    [email] => wim@maisonmoes.com
    [phone] => 00000000
    [comment_] => Geen varkensvlees
1 pers geen vis
    [coupon] => 
    [persons] => 36
    [datum] => 22-03-2012
    [deliverOnTime] => 16:00
    [WorkshopExtra_id] => 3
    [submit] => Boeking bevestigen
)

2012-03-12 14:20:13: Inserted person id: 144
2012-03-19 13:48:02: Array
(
    [hostname] => maisonmoes
    [Workshop_id] => 2
    [companyName] => x
    [firstname] => x
    [surname] => x
    [street] => x
    [number] => x
    [postcode] => x
    [city] => x
    [email] => wim@maisonmoes.com
    [phone] => x
    [comment_] => 
    [coupon] => 
    [persons] => 18
    [datum] => 31-03-2012
    [deliverOnTime] => 18:30
    [WorkshopExtra_id] => 5
    [quote] => Offerte aanvragen
)

2012-03-19 13:48:03: Inserted person id: 145
2012-03-22 11:59:52: Array
(
    [hostname] => maisonmoes
    [Workshop_id] => 2
    [companyName] => Studio Puur
    [firstname] => Wim
    [surname] => Moes
    [street] => Minervum 
    [number] => 7428
    [postcode] => 4817ZG
    [city] => Breda
    [email] => Wim@maisonmoes.com
    [phone] => 0416-381245
    [comment_] => Graag geen kip en vis ivm oma pieterse!!
    [coupon] => 
    [persons] => 20
    [datum] => 20-04-2012
    [deliverOnTime] => 19:00
    [WorkshopExtra_id] => 3
    [quote] => Offerte aanvragen
)

2012-03-22 11:59:52: Inserted person id: 147
2012-03-27 07:51:49: Array
(
    [hostname] => maisonmoes
    [Workshop_id] => 2
    [companyName] => test bv
    [firstname] => moes
    [surname] => moes
    [street] => huppeltje 
    [number] => 10
    [postcode] => 4835ra
    [city] => breda
    [email] => wim@maisonmoes.com
    [phone] => 06-52024434
    [comment_] => graag opmerkingen in beeld!!!
    [coupon] => 
    [persons] => 28
    [datum] => 30-04-2012
    [deliverOnTime] => 19:00
    [WorkshopExtra_id] => 3
    [quote] => Offerte aanvragen
)

2012-03-27 07:51:51: Inserted person id: 149
2012-06-02 10:31:54: Array
(
    [hostname] => maisonmoes
    [Workshop_id] => 6
    [companyName] => x
    [firstname] => x
    [surname] => x
    [street] => x
    [number] => x
    [postcode] => x
    [city] => x
    [email] => wim@maisonmoes.com
    [phone] => 00000
    [comment_] => teste test test test
    [coupon] => 
    [persons] => 22
    [datum] => 04-07-2012
    [deliverOnTime] => 18:00
    [WorkshopExtra_id] => 3
    [submit] => Boeking bevestigen
)

2012-06-02 10:31:56: Inserted person id: 230
2012-06-15 16:03:21: Array
(
    [hostname] => maisonmoes
    [Workshop_id] => 5
    [companyName] => Beleef Breda
    [firstname] => Ward
    [surname] => Luitjes
    [street] => van Coothplein 
    [number] => 39a
    [postcode] => 4811 ND
    [city] => Breda
    [email] => administratie@beleefbreda.nl
    [phone] => 0
    [comment_] => Boeking Lotti Seegers
    [coupon] => bbkorting
    [persons] => 12
    [datum] => 23-06-2012
    [deliverOnTime] => 17:30
    [WorkshopExtra_id] => 3
    [submit] => Boeking bevestigen
)

2012-06-15 16:03:21: Inserted person id: 
2012-06-16 15:18:22: Array
(
    [hostname] => maisonmoes
    [Workshop_id] => 6
    [companyName] => Marten
    [firstname] => Marten
    [surname] =>  Proefboeking
    [street] =>  Proefboeking
    [number] => 62b
    [postcode] => 2518EE
    [city] => Den Haag
    [email] => marten@sytematic.nl
    [phone] => 06-49343492
    [comment_] => test opmerking
    [coupon] => 
    [persons] => 12
    [datum] => 29-06-2012
    [deliverOnTime] => 17:00
    [quote] => Offerte aanvragen
)

2012-06-16 15:18:22: Inserted person id: 
2012-06-16 15:32:48: Array
(
    [hostname] => maisonmoes
    [Workshop_id] => 6
    [companyName] => Marten
    [firstname] => Marten Test
    [surname] => Marten Test
    [street] => Marten Test
    [number] => 12
    [postcode] => 1233aa
    [city] => asdfa
    [email] => marten@sytematic.nl
    [phone] => 06-49343492
    [comment_] => test opmerking
    [coupon] => 
    [persons] => 12
    [datum] => 29-06-2012
    [deliverOnTime] => 16:00
    [quote] => Offerte aanvragen
)

2012-06-16 15:32:48: Inserted person id: 
2012-06-16 15:53:11: Array
(
    [hostname] => maisonmoes
    [Workshop_id] => 6
    [companyName] => wim
    [firstname] => test
    [surname] => test
    [street] => x
    [number] => 44
    [postcode] => 4545nn
    [city] => bbbbbb
    [email] => wim@maisonmoes.com
    [phone] => 0765655815
    [comment_] => dit is een testboeking
    [coupon] => bbkorting
    [persons] => 26
    [datum] => 21-07-2012
    [deliverOnTime] => 19:00
    [WorkshopExtra_id] => 4
    [submit] => Boeking bevestigen
)

2012-06-16 15:53:11: Inserted person id: 
2012-06-16 17:16:43: Array
(
    [hostname] => maisonmoes
    [Workshop_id] => 6
    [companyName] => Marten
    [firstname] => Marten 
    [surname] => Proefboeking
    [street] => Proefboeking
    [number] => 123
    [postcode] => 1234aa
    [city] => Proefboeking
    [email] => marten@sytematic.nl
    [phone] => 06-49343492
    [comment_] => opmerking!
    [coupon] => 
    [persons] => 12
    [datum] => 29-06-2012
    [deliverOnTime] => 16:00
    [quote] => Offerte aanvragen
)

2012-06-16 17:16:45: Inserted person id: 237
2012-06-16 18:43:43: Array
(
    [hostname] => maisonmoes
    [Workshop_id] => 2
    [companyName] => wim
    [firstname] => Wim
    [surname] => Test
    [street] => `t vaartje
    [number] => 78
    [postcode] => 5165NC
    [city] => Waspik
    [email] => wim@maisonmoes.com
    [phone] => 06-52024434
    [comment_] => tes test test
    [coupon] => bbkorting
    [persons] => 25
    [datum] => 12-07-2012
    [deliverOnTime] => 18:30
    [WorkshopExtra_id] => 5
    [submit] => Boeking bevestigen
)

2012-06-16 18:43:47: Inserted person id: 
2012-06-16 19:43:01: Array
(
    [hostname] => maisonmoes
    [Workshop_id] => 6
    [companyName] => Marten
    [firstname] => Marten
    [surname] => Marten
    [street] => Marten
    [number] => 121
    [postcode] => 1231aa
    [city] => Marten
    [email] => marten@sytematic.nl
    [phone] => 06-49343492
    [comment_] => test
    [coupon] => 
    [persons] => 12
    [datum] => 29-06-2012
    [deliverOnTime] => 16:00
    [quote] => Offerte aanvragen
)

2012-06-16 19:43:03: Inserted person id: 240
2012-06-16 20:09:16: Array
(
    [hostname] => maisonmoes
    [Workshop_id] => 6
    [companyName] => test
    [firstname] => test
    [surname] => test
    [street] => test
    [number] => 12
    [postcode] => 1234aa
    [city] => Waspik
    [email] => wim@maisonmoes.com
    [phone] => 000000
    [comment_] => test abc
    [coupon] => 
    [persons] => 25
    [datum] => 10-09-2012
    [deliverOnTime] => 19:00
    [WorkshopExtra_id] => 3
    [submit] => Boeking bevestigen
)

2012-06-16 20:09:17: Inserted person id: 241
2012-06-16 20:28:15: Array
(
    [hostname] => maisonmoes
    [Workshop_id] => 2
    [companyName] => Hartelijk BV
    [firstname] => Kees
    [surname] => Ariens
    [street] => huppeltje
    [number] => 10
    [postcode] => 4444kk
    [city] => Breda
    [email] => wim@maisonmoes.com
    [phone] => 076-5655815
    [comment_] => tes test
    [coupon] => bbkorting
    [persons] => 22
    [datum] => 30-06-2012
    [deliverOnTime] => 18:30
    [WorkshopExtra_id] => 3
    [submit] => Boeking bevestigen
)

2012-06-16 20:28:16: Inserted person id: 242
2012-06-16 20:32:41: Array
(
    [hostname] => maisonmoes
    [Workshop_id] => 2
    [companyName] => Hartelijk BV
    [firstname] => Kees 
    [surname] => Ariëns
    [street] => huppeltje
    [number] => 10
    [postcode] => 4444KK
    [city] => Breda
    [email] => wim@maisonmoes.com
    [phone] => 06-52024434
    [comment_] => test test test
    [coupon] => 
    [persons] => 25
    [datum] => 12-07-2012
    [deliverOnTime] => 18:00
    [WorkshopExtra_id] => 3
    [submit] => Boeking bevestigen
)

2012-06-16 20:32:42: Inserted person id: 243
2012-06-18 14:02:41: Array
(
    [hostname] => maisonmoes
    [Workshop_id] => 9
    [companyName] => x
    [firstname] => x
    [surname] => x
    [street] => x
    [number] => x
    [postcode] => x
    [city] => xx
    [email] => x@home.nl
    [phone] => x
    [comment_] => x
    [coupon] => x
    [persons] => 15
    [datum] => 30-06-2012
    [deliverOnTime] => 18:30
    [WorkshopExtra_id] => 3
    [submit] => Boeking bevestigen
)

2012-06-18 14:02:45: Inserted person id: 
2012-06-25 12:07:45: Array
(
    [hostname] => maisonmoes
    [Workshop_id] => 5
    [companyName] => Ericsson Telcommunicatie BV
    [firstname] => Anja
    [surname] => Bastiaansen
    [street] => Ericssonstraat
    [number] => 2
    [postcode] => 5121 ML
    [city] => Rijen
    [email] => anja.bastiaansen@ericsson.com
    [phone] => 0161-242997
    [comment_] => 
    [coupon] => 
    [persons] => 18
    [datum] => 01-11-2012
    [deliverOnTime] => 18:00
    [WorkshopExtra_id] => 3
    [option] => Ik neem een optie
)

2012-06-25 12:07:48: Inserted person id: 262
2012-06-25 18:14:55: Array
(
    [hostname] => maisonmoes
    [Workshop_id] => 5
    [companyName] => test bv
    [firstname] => test
    [surname] => test
    [street] => test
    [number] => 33
    [postcode] => 4444hg
    [city] => test
    [email] => wim@maisonmoes.com
    [phone] => 00000
    [comment_] => Dit is een test
    [coupon] => 
    [persons] => 22
    [datum] => 01-12-2012
    [deliverOnTime] => 18:30
    [WorkshopExtra_id] => 3
    [option] => Ik neem een optie
)

2012-06-25 18:14:56: Inserted person id: 263
2012-07-01 09:21:23: Array
(
    [hostname] => maisonmoes
    [Workshop_id] => 2
    [companyName] => Sytematic Software
    [firstname] => Marten (TEST)
    [surname] => Sytema
    [street] => Hugo de grootstraat
    [number] => 62B
    [postcode] => 2518ee
    [city] => Den Haag
    [email] => marten@sytematic.nl
    [phone] => 06-49343492
    [comment_] => test opmerking
    [coupon] => 
    [persons] => 12
    [datum] => 31-07-2012
    [deliverOnTime] => 16:00
    [WorkshopExtra_id] => 4
    [quote] => Offerte aanvragen
)

2012-07-01 09:21:23: Inserted person id: 266
2012-07-01 11:28:36: Array
(
    [hostname] => maisonmoes
    [Workshop_id] => 2
    [companyName] => Sytematic software
    [firstname] => Marten (TEST2)
    [surname] => Sytema
    [street] => Hugo de Grootstraat
    [number] => 62b
    [postcode] => 2518EE
    [city] => Den Haag
    [email] => marten@sytematic.nl
    [phone] => 06-5945453424
    [comment_] => abcdefg
    [coupon] => 
    [persons] => 14
    [datum] => 31-07-2012
    [deliverOnTime] => 16:00
    [WorkshopExtra_id] => 5
    [quote] => Offerte aanvragen
)

2012-07-01 11:28:36: Inserted person id: 
2012-07-01 11:32:26: Array
(
    [hostname] => maisonmoes
    [Workshop_id] => 2
    [companyName] => Marten
    [firstname] => Marten (test3)
    [surname] => Sytema
    [street] => Hugo de Grootstraat
    [number] => 62B
    [postcode] => 2518EE
    [city] => Den Haag
    [email] => marten@sytematic.nl
    [phone] => 06-49343492
    [comment_] => asbasdfas
    [coupon] => 
    [persons] => 12
    [datum] => 31-07-2012
    [deliverOnTime] => 16:00
    [WorkshopExtra_id] => 5
    [quote] => Offerte aanvragen
)

2012-07-01 11:32:30: Inserted person id: 
2012-07-01 13:29:33: Array
(
    [hostname] => maisonmoes
    [Workshop_id] => 2
    [companyName] => Sytematic software
    [firstname] => Marten (test4)
    [surname] => Sytema
    [street] => Hugo de Grootstraat
    [number] => 62b
    [postcode] => 2518ee
    [city] => Den HAag
    [email] => marten@sytematic.nl
    [phone] => 0649343492
    [comment_] => asdfa asdf asf asf
    [coupon] => 
    [persons] => 12
    [datum] => 30-07-2012
    [deliverOnTime] => 16:00
    [WorkshopExtra_id] => 5
    [quote] => Offerte aanvragen
)

2012-07-01 13:29:33: Inserted person id: 268
2012-07-02 06:43:51: Array
(
    [hostname] => maisonmoes
    [Workshop_id] => 2
    [companyName] => Marten
    [firstname] => Marten (test5)
    [surname] => Sytema
    [street] => Sytema
    [number] => 62b
    [postcode] => 2518ee
    [city] => Den Haag
    [email] => marten@sytematic.nl
    [phone] => 06-49343492
    [comment_] => abc
    [coupon] => 
    [persons] => 12
    [datum] => 31-07-2012
    [deliverOnTime] => 16:00
    [WorkshopExtra_id] => 4
    [quote] => Offerte aanvragen
)

2012-07-02 06:43:51: Inserted person id: 269
2012-07-02 07:38:48: Array
(
    [hostname] => maisonmoes
    [Workshop_id] => 2
    [companyName] => Marten
    [firstname] => Martne (test6)
    [surname] => sytema
    [street] => Hugo de Grootstraat
    [number] => 63b
    [postcode] => 2518ee
    [city] => Den Haag
    [email] => marten@sytematic.nl
    [phone] => 06234515135
    [comment_] => asdfa
    [coupon] => 
    [persons] => 12
    [datum] => 02-08-2012
    [deliverOnTime] => 16:00
    [WorkshopExtra_id] => 4
    [quote] => Offerte aanvragen
)

2012-07-02 07:38:48: Inserted person id: 270
2012-07-02 07:43:41: Array
(
    [hostname] => maisonmoes
    [Workshop_id] => 2
    [companyName] => Sytematic
    [firstname] => Marten (test7)
    [surname] => Marten
    [street] => Hugo de Grootstraat
    [number] => 62b
    [postcode] => 2518ee
    [city] => Den haag
    [email] => marten@sytematic.nl
    [phone] => 0612345678
    [comment_] => wijnproeverij en drankarrangement
    [coupon] => 
    [persons] => 12
    [datum] => 04-08-2012
    [deliverOnTime] => 16:00
    [WorkshopExtra_id] => 5
    [quote] => Offerte aanvragen
)

2012-07-02 07:43:41: Inserted person id: 271
2012-07-02 09:40:03: Array
(
    [hostname] => maisonmoes
    [Workshop_id] => 2
    [companyName] => marten test6
    [firstname] => Marten
    [surname] => Sytema
    [street] => Hugo de Grootstraat
    [number] => 63
    [postcode] => 2888ee
    [city] => Den Haag
    [email] => marten@sytematic.nl
    [phone] => 06-49343492
    [comment_] => test 123
    [coupon] => 
    [persons] => 12
    [datum] => 09-08-2012
    [deliverOnTime] => 16:00
    [WorkshopExtra_id] => Array
        (
            [0] => 3
            [1] => 5
        )

    [quote] => Offerte aanvragen
)

2012-07-02 09:40:04: Inserted person id: 272
2012-07-02 09:55:24: Array
(
    [hostname] => maisonmoes
    [Workshop_id] => 2
    [companyName] => Marten
    [firstname] => Marten (test8)
    [surname] => Sytema
    [street] => Hugo de Grootstraat
    [number] => 62b
    [postcode] => 2518EE
    [city] => Den Haag
    [email] => marten@sytematic.nl
    [phone] => 0649343492
    [comment_] => test met meerdere extra opties aangevinkt.
    [coupon] => 
    [persons] => 12
    [datum] => 14-08-2012
    [deliverOnTime] => 16:00
    [WorkshopExtra_id] => Array
        (
            [0] => 3
            [1] => 5
        )

    [quote] => Offerte aanvragen
)

2012-07-02 09:55:24: Inserted person id: 273
2012-07-02 11:20:14: Array
(
    [hostname] => maisonmoes
    [Workshop_id] => 2
    [companyName] => Marten test
    [firstname] => MArten
    [surname] => Sytema
    [street] => Hugo de Grootstraat
    [number] => 62
    [postcode] => 2518ee
    [city] => Den Haag
    [email] => marten@sytematic.nl
    [phone] => 0623451
    [comment_] => test  extra\'s
    [coupon] => 
    [persons] => 12
    [datum] => 13-09-2012
    [deliverOnTime] => 16:00
    [WorkshopExtra_id] => Array
        (
            [0] => 3
            [1] => 5
        )

    [quote] => Offerte aanvragen
)

2012-07-02 11:20:14: Inserted person id: 274
2012-07-02 15:13:10: Array
(
    [hostname] => maisonmoes
    [Workshop_id] => 2
    [companyName] => Marten test
    [firstname] => Marten
    [surname] => Sytema
    [street] => Hugo de Grootstraat
    [number] => 62b
    [postcode] => 2518EE
    [city] => Den Haag
    [email] => marten@sytematic.nl
    [phone] => 0649343492
    [comment_] => test 123
    [coupon] => 
    [persons] => 12
    [datum] => 31-07-2012
    [deliverOnTime] => 16:00
    [WorkshopExtra_id] => Array
        (
            [0] => 3
            [1] => 5
        )

    [quote] => Offerte aanvragen
)

2012-07-02 15:13:10: Inserted person id: 276
2012-07-02 15:22:35: Array
(
    [hostname] => maisonmoes
    [Workshop_id] => 16
    [companyName] => Marten Test
    [firstname] => Marten
    [surname] => Sytema
    [street] => Hugo de Grootstraat
    [number] => 62
    [postcode] => 2518EE
    [city] => Den Haag
    [email] => marten@sytematic.nl
    [phone] => 0649343492
    [comment_] => test even de agenda
    [coupon] => 
    [persons] => 1
    [WorkshopDate_id] => 11
    [option] => Ik neem een optie
)

2012-07-02 15:22:35: Inserted person id: 277
2012-07-17 10:53:31: Array
(
    [hostname] => maisonmoes
    [Workshop_id] => 16
    [companyName] => 
    [firstname] => Ober
    [surname] => Marily
    [street] => beilenstraat
    [number] => 51
    [postcode] => 5043az
    [city] => tilburg
    [email] => marilyober@hotmail.com
    [phone] => 0614213160
    [comment_] => 
    [coupon] => 
    [persons] => 2
    [WorkshopDate_id] => 13
    [submit] => Boeking bevestigen
)

2012-07-17 10:53:32: Inserted person id: 279
2012-07-24 12:29:06: Array
(
    [hostname] => maisonmoes
    [Workshop_id] => 5
    [companyName] => Maison Moes bv
    [firstname] => wim
    [surname] => moes
    [street] => t vaartje 
    [number] => 78
    [postcode] => 5165nc
    [city] => waspik
    [email] => wim@maisonmoes.com
    [phone] => 06-52024434
    [comment_] => abc abc babababababab
    [coupon] => 
    [persons] => 22
    [datum] => 02-08-2012
    [deliverOnTime] => 18:30
    [WorkshopExtra_id] => Array
        (
            [0] => 3
            [1] => 4
        )

    [submit] => Boeking bevestigen
)

2012-07-24 12:29:06: Inserted person id: 292
2012-07-24 14:32:51: Array
(
    [hostname] => maisonmoes
    [Workshop_id] => 5
    [companyName] => MEE West-Brabant
    [firstname] => Monique
    [surname] => Zeeman
    [street] => Langdonk 
    [number] => 1
    [postcode] => 4707 TG
    [city] => ROOSENDAAL
    [email] => m.zeeman@meewestbrabant.nl
    [phone] => 0165-593260
    [comment_] => Is er een mogelijkheid om op donderdag 13 september te boeken voor circa 40 personen, graag een offerte. 
    [coupon] => 
    [persons] => 40
    [datum] => 13-09-2012
    [deliverOnTime] => 18:00
    [quote] => Offerte aanvragen
)

2012-07-24 14:32:51: Inserted person id: 294
2012-08-17 08:15:56: Array
(
    [hostname] => maisonmoes
    [Workshop_id] => 1
    [companyName] => Stichting Roc West-Brabant
    [firstname] => Hella 
    [surname] => Bindels
    [street] => Trivum 
    [number] => 76
    [postcode] => 4873 LP
    [city] => Etten-Leur
    [email] => h.bindels@rocwb.nl
    [phone] => 0765048099
    [comment_] => 
    [coupon] => 
    [persons] => 18
    [datum] => 21-09-2012
    [deliverOnTime] => 11:00
    [WorkshopExtra_id] => Array
        (
            [0] => 3
        )

    [option] => Ik neem een optie
)

2012-08-17 08:15:56: Inserted person id: 329
2012-08-21 10:04:46: Array
(
    [hostname] => maisonmoes
    [Workshop_id] => 5
    [companyName] => Amphia Ziekenhuis Molgengracht poli MKA
    [firstname] => Yvonne
    [surname] => van Lith
    [street] => Molengracht
    [number] => 21
    [postcode] => 4818 CK
    [city] => Breda
    [email] => YvanLith@amphia.nl
    [phone] => 06 - 30213372
    [comment_] => 
    [coupon] => 
    [persons] => 30
    [datum] => 07-11-2012
    [deliverOnTime] => 17:30
    [WorkshopExtra_id] => Array
        (
            [0] => 3
        )

    [option] => Ik neem een optie
)

2012-08-21 10:04:46: Inserted person id: 331
2012-08-24 08:15:49: Array
(
    [hostname] => maisonmoes
    [Workshop_id] => 5
    [companyName] => AXI bv
    [firstname] => Jan
    [surname] => Smets
    [street] => Hooilaan
    [number] => 1
    [postcode] => 4816 EM
    [city] => Breda
    [email] => jsmt@axi.nl
    [phone] => +32476963602
    [comment_] => Beste,

Wij zijn op zoek naar een leuk idee voor een teamuitje met onze collega\'s. Kan u wat meer informatie geven over de workshop Surprise menu? Bijv. wat ongeveer de agenda is van zo\'n workshop. 

Ter info: De ingevulde datum is volledig fictief, dit was gewoon verplicht in te vullen.

Alvast bedankt,

Jan Smets
AXI bv
    [coupon] => 
    [persons] => 14
    [datum] => 19-09-2012
    [deliverOnTime] => 16:00
    [quote] => Offerte aanvragen
)

2012-08-24 08:15:50: Inserted person id: 335
2012-08-24 15:57:05: Array
(
    [hostname] => maisonmoes
    [Workshop_id] => 5
    [companyName] => 
    [firstname] => mevr. Aty 
    [surname] => Elsten
    [street] => Moutberg
    [number] => 14
    [postcode] => 4714 BJ
    [city] => Sprundel
    [email] => atyelsten@hotmail.com
    [phone] => 0165 387547
    [comment_] => 
    [coupon] => 
    [persons] => 12
    [datum] => 02-10-2012
    [deliverOnTime] => 18:30
    [WorkshopExtra_id] => Array
        (
            [0] => 3
        )

    [submit] => Boeking bevestigen
)

2012-08-24 15:57:05: Inserted person id: 336
2012-08-30 06:44:24: Array
(
    [hostname] => maisonmoes
    [Workshop_id] => 16
    [companyName] => 
    [firstname] => Richard
    [surname] => van Ooijen
    [street] => Bramentuin
    [number] => 96
    [postcode] => 4847 BT
    [city] => Teteringen
    [email] => richard.van.ooijen@hotmail.com
    [phone] => 0655753537
    [comment_] => 
    [coupon] => 
    [persons] => 1
    [WorkshopDate_id] => 14
    [submit] => Boeking bevestigen
)

2012-08-30 06:44:24: Inserted person id: 348
2012-08-30 12:21:15: Array
(
    [hostname] => maisonmoes
    [Workshop_id] => 5
    [companyName] => 
    [firstname] => Dhr. 
    [surname] => Looman
    [street] => zandheuvel 
    [number] => 133
    [postcode] => 4901HV
    [city] => Oosterhout
    [email] => info@janlooman.nl
    [phone] => 0653390489
    [comment_] => 
    [coupon] => 
    [persons] => 12
    [datum] => 19-09-2012
    [deliverOnTime] => 18:00
    [submit] => Boeking bevestigen
)

2012-08-30 12:21:15: Inserted person id: 350
2012-09-04 12:37:08: Array
(
    [hostname] => maisonmoes
    [Workshop_id] => 5
    [companyName] => 
    [firstname] => Dhr
    [surname] => venema
    [street] => x
    [number] => x
    [postcode] => x
    [city] => X
    [email] => Info@maisonmoes.nl
    [phone] => 0646078700
    [comment_] => 
    [coupon] => 
    [persons] => 32
    [datum] => 13-09-2012
    [deliverOnTime] => 17:00
    [submit] => Boeking bevestigen
)

2012-09-04 12:37:08: Inserted person id: 372
2012-09-06 19:21:52: Array
(
    [hostname] => maisonmoes
    [Workshop_id] => 16
    [companyName] => 
    [firstname] => Marloes
    [surname] => Muijselaar
    [street] => Margrietstraat
    [number] => 58
    [postcode] => 5643HJ
    [city] => Eindhoven
    [email] => marloesmuijselaar@hotmail.com
    [phone] => 06-30880179
    [comment_] => 1 persoon lust geen vis. 
    [coupon] => 
    [persons] => 2
    [WorkshopDate_id] => 16
    [submit] => Boeking bevestigen
)

2012-09-06 19:21:52: Inserted person id: 382
2012-09-12 09:01:11: Array
(
    [hostname] => maisonmoes
    [Workshop_id] => 5
    [companyName] => van Rijn
    [firstname] => dhr. van der Windt
    [surname] => x
    [street] => x
    [number] => x
    [postcode] => x
    [city] => x
    [email] => info@maisonmoes.nl
    [phone] => x
    [comment_] => x
    [coupon] => x
    [persons] => 32
    [datum] => 24-09-2012
    [deliverOnTime] => 17:30
    [WorkshopExtra_id] => Array
        (
            [0] => 3
        )

    [option] => Ik neem een optie
)

2012-09-12 09:01:11: Inserted person id: 399
2012-09-12 10:25:42: Array
(
    [hostname] => maisonmoes
    [Workshop_id] => 9
    [companyName] => 
    [firstname] => ber
    [surname] => ehr
    [street] => hre
    [number] => he
    [postcode] => he
    [city] => hre
    [email] => her@home.nl
    [phone] => he
    [comment_] => 
    [coupon] => 
    [persons] => 12
    [datum] => 30-09-2012
    [deliverOnTime] => 16:00
    [option] => Ik neem een optie
)

2012-09-12 10:25:42: Inserted person id: 400
2012-09-13 11:53:30: Array
(
    [hostname] => maisonmoes
    [Workshop_id] => 5
    [companyName] => 
    [firstname] => dhr.
    [surname] => Broeders
    [street] => plecht
    [number] => 3
    [postcode] => 4871DV
    [city] => Etten-Leur
    [email] => info@depapierpartner.nl
    [phone] => 076 5036396
    [comment_] => 
    [coupon] => 
    [persons] => 15
    [datum] => 17-11-2012
    [deliverOnTime] => 19:00
    [WorkshopExtra_id] => Array
        (
            [0] => 3
        )

    [submit] => Boeking bevestigen
)

2012-09-13 11:53:30: Inserted person id: 405
2012-09-17 21:22:50: Array
(
    [hostname] => maisonmoes
    [Workshop_id] => 16
    [companyName] => 
    [firstname] => kirsten
    [surname] => goverde
    [street] => sterkenburg
    [number] => 50
    [postcode] => 4901we
    [city] => oosterhout
    [email] => pedicuresalon-kirsten@hotmail.com
    [phone] => 0618343776
    [comment_] => is een kado voor mijn vader ferdinand voor zijn verjaardag
    [coupon] => 
    [persons] => 1
    [WorkshopDate_id] => 16
    [submit] => Boeking bevestigen
)

2012-09-17 21:22:50: Inserted person id: 422
2012-10-02 13:58:50: Array
(
    [hostname] => maisonmoes
    [Workshop_id] => 2
    [companyName] => 
    [firstname] => remon samuelsz
    [surname] => x
    [street] => x
    [number] => x
    [postcode] => x
    [city] => x
    [email] => info@lasfiestasdelmundo.nl
    [phone] => 0643992464
    [comment_] => 
    [coupon] => 
    [persons] => 15
    [datum] => 13-10-2012
    [deliverOnTime] => 17:30
    [option] => Ik neem een optie
)

2012-10-02 13:58:50: Inserted person id: 498
2012-10-02 18:48:11: Array
(
    [hostname] => maisonmoes
    [Workshop_id] => 16
    [companyName] => 
    [firstname] => Frank en Jeske
    [surname] => Boekholtz
    [street] => Beukendreef
    [number] => 23
    [postcode] => 5056CA
    [city] => Berkel-Enschot
    [email] => m.wijenberg@crhbpe.com
    [phone] => 06 51503348
    [comment_] => Deze boeking wordt Frank en Jeske kado gedaan door collega's. Ik heb vorige week contact gehad. Zoals afgesproken kan de datum nog worden gewijzigd.
    [coupon] => 
    [persons] => 2
    [WorkshopDate_id] => 16
    [submit] => Boeking bevestigen
)

2012-10-02 18:48:11: Inserted person id: 504
2012-10-03 11:18:48: Array
(
    [hostname] => maisonmoes
    [Workshop_id] => 16
    [companyName] => 
    [firstname] => Elzemiek
    [surname] => Blonk
    [street] => Waspiksedijk 
    [number] => 37
    [postcode] => 5161 NS
    [city] => Sprang-Capelle
    [email] => vangulikdental@wxs.nl
    [phone] => 0620369174
    [comment_] => 
    [coupon] => 
    [persons] => 2
    [WorkshopDate_id] => 15
    [option] => Ik neem een optie
)

2012-10-03 11:18:48: Inserted person id: 507
2012-10-03 15:43:45: Array
(
    [hostname] => maisonmoes
    [Workshop_id] => 16
    [companyName] => 
    [firstname] => Cor
    [surname] => Graauwmans
    [street] => Overakkerstraat
    [number] => 210
    [postcode] => 4834xp
    [city] => Breda
    [email] => cor@graauwmans.com
    [phone] => 0610255718
    [comment_] => 
    [coupon] => 
    [persons] => 2
    [WorkshopDate_id] => 16
    [submit] => Boeking bevestigen
)

2012-10-03 15:43:45: Inserted person id: 510
2012-10-04 12:02:16: Array
(
    [hostname] => maisonmoes
    [Workshop_id] => 5
    [companyName] => 
    [firstname] => Sven 
    [surname] => Oostvogels
    [street] => Bredaseweg 
    [number] => 44
    [postcode] => 4882 DG
    [city] => Klein-Zundert
    [email] => svenoostvogels@live.nl
    [phone] => 0651397713
    [comment_] => Allergieën zijn niet bekend binnen de groep. Het is groep die geen culinair eten gewend is, een kennismaking is hiermee dus erg leuk maar het graag niet te veel overtrekken.
    [coupon] => 
    [persons] => 12
    [datum] => 20-10-2012
    [deliverOnTime] => 18:00
    [WorkshopExtra_id] => Array
        (
            [0] => 3
        )

    [submit] => Boeking bevestigen
)

2012-10-04 12:02:16: Inserted person id: 514
2012-10-07 14:28:26: Array
(
    [hostname] => maisonmoes
    [Workshop_id] => 10
    [companyName] => 
    [firstname] => Sylvia
    [surname] => Hondsmerk
    [street] => Kleine hil
    [number] => 4
    [postcode] => 4822ae
    [city] => Breda
    [email] => pshondsmerk@hotmail.com
    [phone] => 0765718886
    [comment_] => 
    [coupon] => 
    [persons] => 16
    [datum] => 15-12-2012
    [deliverOnTime] => 18:30
    [submit] => Boeking bevestigen
)

2012-10-07 14:28:26: Inserted person id: 526
2012-10-08 12:42:55: Array
(
    [hostname] => maisonmoes
    [Workshop_id] => 5
    [companyName] => Nextel bv
    [firstname] => Esther
    [surname] => Petersen
    [street] => Bellstraat 
    [number] => 22
    [postcode] => 6716 BA
    [city] => Ede
    [email] => esther.petersen@nextel.nl
    [phone] => 0318665200
    [comment_] => 
    [coupon] => 
    [persons] => 12
    [datum] => 15-10-2012
    [deliverOnTime] => 17:00
    [WorkshopExtra_id] => Array
        (
            [0] => 3
        )

    [quote] => Offerte aanvragen
)

2012-10-08 12:42:56: Inserted person id: 530
2012-10-23 13:17:14: Array
(
    [hostname] => maisonmoes
    [Workshop_id] => 2
    [companyName] => lfdm
    [firstname] => remon
    [surname] => x
    [street] => x
    [number] => x
    [postcode] => x
    [city] => x
    [email] => info@lasfiestasdelmundo.nl
    [phone] => x
    [comment_] => gaat om ca. 40-42 personen (maximum wat bij jullie terecht kan)
    [coupon] => 
    [persons] => 32
    [datum] => 18-12-2012
    [deliverOnTime] => 16:00
    [WorkshopExtra_id] => Array
        (
            [0] => 3
        )

    [option] => Ik neem een optie
)

2012-10-23 13:17:14: Inserted person id: 613
2012-10-26 07:48:09: Array
(
    [hostname] => maisonmoes
    [Workshop_id] => 5
    [companyName] => Enexis
    [firstname] => Jos
    [surname] => Lemmens
    [street] => Merselostraat
    [number] => 2
    [postcode] => 5045lc
    [city] => Tilburg
    [email] => jos.lemmens@enexis.nl
    [phone] => 06-50630443
    [comment_] => 
    [coupon] => 
    [persons] => 18
    [datum] => 29-11-2012
    [deliverOnTime] => 17:00
    [WorkshopExtra_id] => Array
        (
            [0] => 3
        )

    [quote] => Offerte aanvragen
)

2012-10-26 07:48:09: Inserted person id: 625
2012-10-26 09:30:11: Array
(
    [hostname] => maisonmoes
    [Workshop_id] => 16
    [companyName] => Albert Schweitzerziekenhuis
    [firstname] => Nathalie
    [surname] => Nobel
    [street] => Postbus
    [number] => 44
    [postcode] => 3300 AK
    [city] => Dordrecht
    [email] => e.w.lankhaar@asz.nl
    [phone] => 078-6523277
    [comment_] => 
    [coupon] => 
    [persons] => 7
    [WorkshopDate_id] => 15
    [submit] => Boeking bevestigen
)

2012-10-26 09:30:12: Inserted person id: 626
2012-10-26 09:40:07: Array
(
    [hostname] => maisonmoes
    [Workshop_id] => 16
    [companyName] => Albert Schweitzerziekenhuis/Poli Neurochirurg
    [firstname] => Nathalile
    [surname] => Nobel
    [street] => Postbus 
    [number] => 444
    [postcode] => 3300 AK
    [city] => Dordrecht
    [email] => e.w.lankhaar@asz.nl
    [phone] => 078-6523277
    [comment_] => Er ging iets fout bij de vorige optie. Deze is meteen geboekt en op 5/11. Graag een correctie. A.s. maandag weten we definitief met hoeveel personen we 14/1 kunnen komen.
Mijn excuus voor het ongemak.
    [coupon] => 
    [persons] => 7
    [WorkshopDate_id] => 17
    [option] => Ik neem een optie
)

2012-10-26 09:40:07: Inserted person id: 627
2012-10-29 08:40:40: Array
(
    [hostname] => maisonmoes
    [Workshop_id] => 16
    [companyName] => 
    [firstname] => Maartje
    [surname] => Bersi
    [street] => Van der Hoogenhof
    [number] => 4
    [postcode] => 2524 RX
    [city] => Den Haag
    [email] => mbersi@hotmail.com
    [phone] => 0610905563
    [comment_] => Ik boek dit als cadeau voor mijn ouders: Rob en Adrienne Bersi
    [coupon] => 
    [persons] => 2
    [WorkshopDate_id] => 20
    [submit] => Boeking bevestigen
)

2012-10-29 08:40:40: Inserted person id: 633
2012-10-31 18:26:52: Array
(
    [hostname] => maisonmoes
    [Workshop_id] => 16
    [companyName] => 
    [firstname] => martine
    [surname] => jager
    [street] => zorgvlietstraat
    [number] => 483c
    [postcode] => 4834 NH
    [city] => BREDA
    [email] => mja.jager@gmail.com
    [phone] => 06 - 17 328 602
    [comment_] => 
    [coupon] => 
    [persons] => 2
    [WorkshopDate_id] => 15
    [submit] => Boeking bevestigen
)

2012-10-31 18:26:52: Inserted person id: 654
2012-11-02 13:57:18: Array
(
    [hostname] => maisonmoes
    [Workshop_id] => 6
    [companyName] => 
    [firstname] => Gaytrie
    [surname] => Chauthi
    [street] => Priemkruid
    [number] => 120
    [postcode] => 4823NA
    [city] => Breda
    [email] => gchauthi@hotmail.com
    [phone] => 06-43064149
    [comment_] => Wat eten betreft, het liefst iets met vis en kip. Geen ander soort vlees svp. Ook zou ik willen weten watvoor drankjes inbegrepen zijn. 
    [coupon] => 
    [persons] => 13
    [datum] => 08-12-2012
    [deliverOnTime] => 16:00
    [option] => Ik neem een optie
)

2012-11-02 13:57:18: Inserted person id: 663
2012-11-03 09:22:54: Array
(
    [hostname] => maisonmoes
    [Workshop_id] => 16
    [companyName] => 
    [firstname] => linda
    [surname] => mallens
    [street] => wagenaarstraat 
    [number] => 56
    [postcode] => 5014mz
    [city] => tilburg
    [email] => februarie80@hotmail.com
    [phone] => 0633830169
    [comment_] => ik heb voor 2 personen gewonnen via facebook
    [coupon] => 
    [persons] => 2
    [WorkshopDate_id] => 20
    [submit] => Boeking bevestigen
)

2012-11-03 09:22:54: Inserted person id: 665
2012-11-07 18:52:29: Array
(
    [hostname] => maisonmoes
    [Workshop_id] => 7
    [companyName] => 
    [firstname] => Marc
    [surname] => Verheijen
    [street] => Kempenstraat 
    [number] => 1
    [postcode] => 4861 DC
    [city] => Chaam
    [email] => marc.verheijen@mw-brabant.politie.nl
    [phone] => 06-50735817
    [comment_] => 
    [coupon] => 
    [persons] => 2
    [WorkshopDate_id] => 26
    [submit] => Boeking bevestigen
)

2012-11-07 18:52:29: Inserted person id: 686
2012-11-20 14:24:38: Array
(
    [hostname] => maisonmoes
    [Workshop_id] => 23
    [companyName] => 
    [firstname] => anita
    [surname] => vd wiel
    [street] => gaspeldoornstraat
    [number] => 8
    [postcode] => 5925ba
    [city] => venlo
    [email] => anita.8@ziggo.nl
    [phone] => 0773825335
    [comment_] => 
    [coupon] => 
    [persons] => 2
    [WorkshopDate_id] => 27
    [submit] => Boeking bevestigen
)

2012-11-20 14:24:38: Inserted person id: 749
2012-11-24 18:04:31: Array
(
    [hostname] => maisonmoes
    [Workshop_id] => 5
    [companyName] => Las Fiestas del Mundo
    [firstname] => remon
    [surname] => xx
    [street] => x
    [number] => x
    [postcode] => x
    [city] => x
    [email] => Info@maisonmoes.nl
    [phone] => 7
    [comment_] => 
    [coupon] => 
    [persons] => 12
    [datum] => 12-12-2012
    [deliverOnTime] => 18:00
    [submit] => Boeking bevestigen
)

2012-11-24 18:04:31: Inserted person id: 776
2012-11-28 18:44:08: Array
(
    [hostname] => maisonmoes
    [Workshop_id] => 13
    [companyName] => 
    [firstname] => Annemiek
    [surname] => Jacobs
    [street] => Thorbeckestraat
    [number] => 38
    [postcode] => 4902 VP
    [city] => Oosterhout
    [email] => annemiekjacobs@gmail.com
    [phone] => 0622812548
    [comment_] => 
    [coupon] => 
    [persons] => 7
    [datum] => 19-01-2013
    [deliverOnTime] => 16:00
    [WorkshopExtra_id] => Array
        (
            [0] => 3
        )

    [quote] => Offerte aanvragen
)

2012-11-28 18:44:08: Inserted person id: 807
2012-11-29 15:10:50: Array
(
    [hostname] => maisonmoes
    [Workshop_id] => 5
    [companyName] => IBM
    [firstname] => Marije
    [surname] => Ferwerda
    [street] => Johan Huizingalaan 
    [number] => 765
    [postcode] => 1066VH
    [city] => Amsterdam
    [email] => marijeferwerda@nl.ibm.com
    [phone] => 06-10848098
    [comment_] => 
    [coupon] => 
    [persons] => 15
    [datum] => 10-12-2012
    [deliverOnTime] => 17:00
    [WorkshopExtra_id] => Array
        (
            [0] => 3
        )

    [quote] => Offerte aanvragen
)

2012-11-29 15:10:50: Inserted person id: 826
2012-12-09 19:02:08: Array
(
    [hostname] => maisonmoes
    [Workshop_id] => 13
    [companyName] => 
    [firstname] => Karin 
    [surname] => Keijzer
    [street] => Kasteelstraat
    [number] => 40
    [postcode] => 4724as
    [city] => Wouw
    [email] => karinkeijzer@ziggo.nl
    [phone] => 0165 300 531
    [comment_] => Is een kinder hightea ook mogelijk?
    [coupon] => 
    [persons] => 10
    [datum] => 06-01-2013
    [deliverOnTime] => 12:00
    [quote] => Offerte aanvragen
)

2012-12-09 19:02:08: Inserted person id: 922
2012-12-18 11:00:08: Array
(
    [hostname] => maisonmoes
    [Workshop_id] => 5
    [companyName] => BeleefBreda
    [firstname] => Erwin
    [surname] => Kuijpers
    [street] => Van Coothplein 
    [number] => 39a
    [postcode] => 4811 ND
    [city] => Breda
    [email] => erwin@beleefbreda.nl
    [phone] => 076-5205957
    [comment_] => 
    [coupon] => 
    [persons] => 12
    [datum] => 10-01-2013
    [deliverOnTime] => 17:30
    [WorkshopExtra_id] => Array
        (
            [0] => 3
        )

    [option] => Ik neem een optie
)

2012-12-18 11:00:08: Inserted person id: 961
2012-12-21 20:45:33: Array
(
    [hostname] => maisonmoes
    [Workshop_id] => 16
    [companyName] => 
    [firstname] => Erik en Jessica
    [surname] => Dielissen
    [street] => Renswoudestraat
    [number] => 68
    [postcode] => 5035EM
    [city] => Tilburg
    [email] => erikenjessica@home.nl
    [phone] => 06-47272149
    [comment_] => Overgevoelig voor knoflook
    [coupon] => 
    [persons] => 2
    [WorkshopDate_id] => 19
    [submit] => Boeking bevestigen
)

2012-12-21 20:45:33: Inserted person id: 972
2012-12-22 17:59:07: Array
(
    [hostname] => maisonmoes
    [Workshop_id] => 23
    [companyName] => 
    [firstname] => Willem
    [surname] => Blom
    [street] => Bisonstraat
    [number] => 3 D73
    [postcode] => 4817LH
    [city] => BREDA
    [email] => cmedegraaf@hotmail.com
    [phone] => 06-50606895
    [comment_] => 
    [coupon] => 
    [persons] => 2
    [WorkshopDate_id] => 27
    [submit] => Boeking bevestigen
)

2012-12-22 17:59:07: Inserted person id: 974
2012-12-24 08:08:41: Array
(
    [hostname] => maisonmoes
    [Workshop_id] => 16
    [companyName] => 
    [firstname] => Martijn
    [surname] => Zwart
    [street] => Kangoeroestraat 
    [number] => 53
    [postcode] => 4817GA
    [city] => Breda
    [email] => matblack70@hotmail.com
    [phone] => +31642302207
    [comment_] => 
    [coupon] => 
    [persons] => 2
    [WorkshopDate_id] => 19
    [submit] => Boeking bevestigen
)

2012-12-24 08:08:42: Inserted person id: 975
2012-12-29 12:30:17: Array
(
    [hostname] => maisonmoes
    [Workshop_id] => 6
    [companyName] => 
    [firstname] => Fiet
    [surname] => Palinckx
    [street] => Barbaralaan
    [number] => 105
    [postcode] => 4834SJ
    [city] => Breda
    [email] => fietpalinckx@gmail.com
    [phone] => 076 562379
    [comment_] => 1pers. lactose allergie
    [coupon] => 
    [persons] => 16
    [datum] => 03-02-2013
    [deliverOnTime] => 16:00
    [option] => Ik neem een optie
)

2012-12-29 12:30:17: Inserted person id: 993
2013-01-06 17:27:18: Array
(
    [hostname] => maisonmoes
    [Workshop_id] => 2
    [companyName] => 
    [firstname] => Astrid van der Velden
    [surname] => van der velden
    [street] => makkumplein 
    [number] => 14
    [postcode] => 5045 KT
    [city] => Tilburg
    [email] => atridvandervelden@gmail.com
    [phone] => 06-23265673
    [comment_] => 1 vegetarier
    [coupon] => 
    [persons] => 12
    [datum] => 16-03-2013
    [deliverOnTime] => 16:00
    [WorkshopExtra_id] => Array
        (
            [0] => 3
        )

    [option] => Ik neem een optie
)

2013-01-06 17:27:18: Inserted person id: 1017
2013-01-21 05:59:27: Array
(
    [hostname] => maisonmoes
    [Workshop_id] => 5
    [companyName] => Anyi
    [firstname] => Anyi
    [surname] => Anyi
    [street] => hIiIHmELZl
    [number] => gdpfSFbsgFsPRXOzEfW
    [postcode] => ELsMSTt
    [city] => TDPRlOTeNO
    [email] => 
    [phone] => 
    [comment_] => De voorbeelden oneurstdenen je conclusie helemaal niet.Het eerste voorbeeld is ongelukkig. Klimaatsceptici en klimaatbelievers staan nog steeds lijnrecht tegenover elkaar. Dat is niet vanuit een politieke keuze, maar vanuit onzekerheid over de data. Voorbeeldje: herinner je je de hockeystick curve nog? Die zie je helemaal niet meer. Dat komt omdat die curve tot stand gekomen is via een foutieve analyse methode. Ander voorbeeld: Er zijn vele blogs te vinden over de plaatsing van weerstations die gebruikt worden voor de klimaatanalyse. Vele staan recht voor AC installaties. Klimaat lijkt dus meer te wijten aan de wetenschap zelf dan aan de communicatie daarvan.Dat voorbeeld over stamcellen zie ik ook anders. Dit soort gedrag zien we veel vaker. Mensen die geld op een buitenlandse rekening zetten met de belofte op hoge rendementen, terwijl iedereen weet dat er no such thing as a free breakfast is. Ook het voorbeeld met de stamcellen is geen voorbeeld van falende communicatie vanuit de wetenschapper, maar vanuit de overheid. Immers de wetenschap communiceert al jaren dat homeopathie onzin is, maar er zijn nog steeds grote groepen mensen die de rommel kopen. Als de overheid het zou verbieden of ontraden -officieel en duidelijk- dan zou het snel over zijn.Ik ben het overigens wel met je eens dat wetenschappers wat meer zouden kunnen doen aan communicatie, maar dat terzijde.
    [coupon] => YBzxGyFQwhgQMPEbn
    [persons] => TkZXeOpiQFaLQOEWfCb
    [datum] => DlmAoXdaAQcX
    [deliverOnTime] => 18:00
    [submit] => Boeking bevestigen
)

2013-01-21 05:59:27: Inserted person id: 
2013-01-21 05:59:27: Array
(
)

2013-01-21 05:59:27: Inserted person id: 
2013-01-21 18:07:15: Array
(
    [hostname] => maisonmoes
    [Workshop_id] => 2
    [companyName] => Jan
    [firstname] => Jan
    [surname] => Jan
    [street] => FEysqVwTrC
    [number] => abWKuGssSy
    [postcode] => YvTmvOB
    [city] => MeHFnEDo
    [email] => 
    [phone] => 
    [comment_] => Tsja. Ik vind het vooral kaiwljk dat mensen als Oprah, die toch door een groot deel van de wereldbevolking op handen wordt gedragen, dergelijke mensen aan het woord laat. En ik hoop dat het, zoals alle ontwikkelingen op dit vlak, van tijdelijke aard is. Mooi oud worden is een kunst lijkt me, en als je gezond leeft (en dat is b.v. niet wat deze Suzanne Somers doet) kun je erg lang gezond blijven. Maar dan wel natuurlijk, zonder al die druk om  mooi te blijven . De meeste mensen die daaraan toegeven zijn trouwens helemaal niet mooi en gek genoeg zijn de meeste mensen het daarover eens. Er is trouwens al veel winst te halen door inderdaad gewoon op je gezondheid te letten..Nog een puntje: we hebben het hier natuurlijk nog steeds over de VS. Daar blijft men toch een beetje raar aankijken tegen wat gezond is en wat niet.
    [coupon] => NsmBylohYOU
    [persons] => rynXFnFpb
    [datum] => zzYlmFpUISGAfTugOBn
    [deliverOnTime] => 18:30
    [submit] => Boeking bevestigen
)

2013-01-21 18:07:15: Inserted person id: 
2013-01-21 18:07:16: Array
(
)

2013-01-21 18:07:16: Inserted person id: 
2013-01-31 18:41:27: Array
(
    [hostname] => maisonmoes
    [Workshop_id] => 5
    [companyName] => 
    [firstname] => Angela
    [surname] => Van den Heijkant 
    [street] => Appelaar
    [number] => 19
    [postcode] => 4907kd
    [city] => Oosterhout
    [email] => aheijkant@live.nl
    [phone] => 0618989211
    [comment_] => 
    [coupon] => 
    [persons] => 15
    [datum] => 06-04-2013
    [deliverOnTime] => 16:00
    [WorkshopExtra_id] => Array
        (
            [0] => 3
        )

    [option] => Ik neem een optie
)

2013-01-31 18:41:27: Inserted person id: 1173
2013-02-05 08:32:48: Array
(
    [hostname] => maisonmoes
    [Workshop_id] => 23
    [companyName] => 
    [firstname] => sandra
    [surname] => Moes
    [street] => `t vaartje
    [number] => 78
    [postcode] => 5165NC
    [city] => Waspik
    [email] => familiemoes@home.nl
    [phone] => 31646078700
    [comment_] => 
    [coupon] => 
    [persons] => 9
    [WorkshopDate_id] => 27
    [submit] => Boeking bevestigen
)

2013-02-05 08:32:48: Inserted person id: 1193
2013-02-05 08:33:55: Array
(
    [hostname] => maisonmoes
    [Workshop_id] => 23
    [companyName] => 
    [firstname] => Sandra
    [surname] => Moes
    [street] => `t vaartje
    [number] => 78
    [postcode] => 5165NC
    [city] => Waspik
    [email] => familiemoes@home.nl
    [phone] => 31646078700
    [comment_] => 
    [coupon] => 
    [persons] => 7
    [WorkshopDate_id] => 28
    [submit] => Boeking bevestigen
)

2013-02-05 08:33:55: Inserted person id: 1194
2013-02-05 08:35:19: Array
(
    [hostname] => maisonmoes
    [Workshop_id] => 23
    [companyName] => 
    [firstname] => Sandra
    [surname] => Moes
    [street] => `t vaartje
    [number] => 78
    [postcode] => 5165NC
    [city] => Waspik
    [email] => familiemoes@home.nl
    [phone] => 31646078700
    [comment_] => 
    [coupon] => 
    [persons] => 7
    [WorkshopDate_id] => 29
    [submit] => Boeking bevestigen
)

2013-02-05 08:35:19: Inserted person id: 1195
2013-02-05 08:38:40: Array
(
    [hostname] => maisonmoes
    [Workshop_id] => 23
    [companyName] => 
    [firstname] => Sandra
    [surname] => Moes
    [street] => `t vaartje
    [number] => 78
    [postcode] => 5165NC
    [city] => Waspik
    [email] => familiemoes@home.nl
    [phone] => 31646078700
    [comment_] => 
    [coupon] => 
    [persons] => 7
    [WorkshopDate_id] => 31
    [submit] => Boeking bevestigen
)

2013-02-05 08:38:40: Inserted person id: 1196
2013-02-05 18:22:37: Array
(
    [hostname] => maisonmoes
    [Workshop_id] => 16
    [companyName] => 
    [firstname] => Linda
    [surname] => Koevoets
    [street] => Bijlakker
    [number] => 28
    [postcode] => 5731EE
    [city] => Mierlo
    [email] => lindaampt@gmail.com
    [phone] => 0620298671
    [comment_] => 
    [coupon] => 
    [persons] => 2
    [WorkshopDate_id] => 22
    [submit] => Boeking bevestigen
)

2013-02-05 18:22:37: Inserted person id: 1201
2013-02-07 12:43:48: Array
(
    [hostname] => maisonmoes
    [Workshop_id] => 5
    [companyName] => Ladies Circle
    [firstname] => Sonja
    [surname] => Van 't Zelfde
    [street] => Nw. Baarswijk
    [number] => 12
    [postcode] => 4823 GJ
    [city] => Breda
    [email] => zelfde@zonnet.nl
    [phone] => 0653742351
    [comment_] => Telefonisch contact met Wim Moes gehad.
    [coupon] => 
    [persons] => 19
    [datum] => 16-03-2013
    [deliverOnTime] => 17:30
    [WorkshopExtra_id] => Array
        (
            [0] => 3
        )

    [option] => Ik neem een optie
)

2013-02-07 12:43:48: Inserted person id: 1214
